<?xml version="1.0" encoding="UTF-8"?>
<!-- Generated by org.testng.reporters.JUnitXMLReporter -->
<testsuite ignored="0" hostname="DESKTOP-4LALQCU" failures="0" tests="8" name="groupingtests" time="0.129" errors="0" timestamp="2024-08-25T20:40:43 IST">
  <testcase classname="day42.LoginTest" name="loginByEmail" time="0.014"/>
  <testcase classname="day42.LoginTest" name="loginByFacebook" time="0.003"/>
  <testcase classname="day42.LoginTest" name="loginBytwitter" time="0.005"/>
  <testcase classname="day42.SignUpTests" name="signupbyemail" time="0.003"/>
  <testcase classname="day42.SignUpTests" name="signupbyfacebook" time="0.003"/>
  <testcase classname="day42.SignUpTests" name="signupbytwitter" time="0.002"/>
  <testcase classname="day42.PaymentTests" name="paymentinDollars" time="0.004"/>
  <testcase classname="day42.PaymentTests" name="paymentinRupees" time="0.003"/>
</testsuite> <!-- groupingtests -->
