<?xml version="1.0" encoding="UTF-8"?>
<testng-results ignored="0" total="6" passed="6" failed="0" skipped="0">
  <reporter-output>
  </reporter-output>
  <suite started-at="2024-11-16T15:13:09 IST" name="Suite" finished-at="2024-11-16T15:13:30 IST" duration-ms="21115">
    <groups>
    </groups>
    <test started-at="2024-11-16T15:13:09 IST" name="chrometest" finished-at="2024-11-16T15:13:26 IST" duration-ms="16689">
      <class name="day45.ParamTest">
        <test-method is-config="true" signature="setup(java.lang.String,java.lang.String)[pri:0, instance:day45.ParamTest@3e11f9e9]" started-at="2024-11-16T15:13:09 IST" name="setup" finished-at="2024-11-16T15:13:25 IST" duration-ms="16135" status="PASS">
          <params>
            <param index="0">
              <value>
                <![CDATA[chrome]]>
              </value>
            </param>
            <param index="1">
              <value>
                <![CDATA[https://opensource-demo.orangehrmlive.com/web/index.php/auth/login]]>
              </value>
            </param>
          </params>
          <reporter-output>
          </reporter-output>
        </test-method> <!-- setup -->
        <test-method signature="TestLogo()[pri:1, instance:day45.ParamTest@3e11f9e9]" started-at="2024-11-16T15:13:25 IST" name="TestLogo" finished-at="2024-11-16T15:13:25 IST" duration-ms="91" status="PASS">
          <reporter-output>
          </reporter-output>
        </test-method> <!-- TestLogo -->
        <test-method signature="testTitle()[pri:2, instance:day45.ParamTest@3e11f9e9]" started-at="2024-11-16T15:13:25 IST" name="testTitle" finished-at="2024-11-16T15:13:26 IST" duration-ms="15" status="PASS">
          <reporter-output>
          </reporter-output>
        </test-method> <!-- testTitle -->
        <test-method signature="testURL()[pri:3, instance:day45.ParamTest@3e11f9e9]" started-at="2024-11-16T15:13:26 IST" name="testURL" finished-at="2024-11-16T15:13:26 IST" duration-ms="28" status="PASS">
          <reporter-output>
          </reporter-output>
        </test-method> <!-- testURL -->
        <test-method is-config="true" signature="tearDown()[pri:0, instance:day45.ParamTest@3e11f9e9]" started-at="2024-11-16T15:13:26 IST" name="tearDown" finished-at="2024-11-16T15:13:26 IST" duration-ms="360" status="PASS">
          <reporter-output>
          </reporter-output>
        </test-method> <!-- tearDown -->
      </class> <!-- day45.ParamTest -->
    </test> <!-- chrometest -->
    <test started-at="2024-11-16T15:13:09 IST" name="edgetest" finished-at="2024-11-16T15:13:30 IST" duration-ms="21115">
      <class name="day45.ParamTest">
        <test-method is-config="true" signature="setup(java.lang.String,java.lang.String)[pri:0, instance:day45.ParamTest@5e600dd5]" started-at="2024-11-16T15:13:09 IST" name="setup" finished-at="2024-11-16T15:13:30 IST" duration-ms="20729" status="PASS">
          <params>
            <param index="0">
              <value>
                <![CDATA[edge]]>
              </value>
            </param>
            <param index="1">
              <value>
                <![CDATA[https://opensource-demo.orangehrmlive.com/web/index.php/auth/login]]>
              </value>
            </param>
          </params>
          <reporter-output>
          </reporter-output>
        </test-method> <!-- setup -->
        <test-method signature="TestLogo()[pri:1, instance:day45.ParamTest@5e600dd5]" started-at="2024-11-16T15:13:30 IST" name="TestLogo" finished-at="2024-11-16T15:13:30 IST" duration-ms="82" status="PASS">
          <reporter-output>
          </reporter-output>
        </test-method> <!-- TestLogo -->
        <test-method signature="testTitle()[pri:2, instance:day45.ParamTest@5e600dd5]" started-at="2024-11-16T15:13:30 IST" name="testTitle" finished-at="2024-11-16T15:13:30 IST" duration-ms="12" status="PASS">
          <reporter-output>
          </reporter-output>
        </test-method> <!-- testTitle -->
        <test-method signature="testURL()[pri:3, instance:day45.ParamTest@5e600dd5]" started-at="2024-11-16T15:13:30 IST" name="testURL" finished-at="2024-11-16T15:13:30 IST" duration-ms="12" status="PASS">
          <reporter-output>
          </reporter-output>
        </test-method> <!-- testURL -->
        <test-method is-config="true" signature="tearDown()[pri:0, instance:day45.ParamTest@5e600dd5]" started-at="2024-11-16T15:13:30 IST" name="tearDown" finished-at="2024-11-16T15:13:30 IST" duration-ms="243" status="PASS">
          <reporter-output>
          </reporter-output>
        </test-method> <!-- tearDown -->
      </class> <!-- day45.ParamTest -->
    </test> <!-- edgetest -->
  </suite> <!-- Suite -->
</testng-results>
